Removed Pin From Net: NetName=TP1 Pin=U18-1
Change Component Designator: OldDesignator=B1 NewDesignator=B2
Change Component Designator: OldDesignator=B2 NewDesignator=B3
Change Component Designator: OldDesignator=B3 NewDesignator=B1
Change Component Designator: OldDesignator=C13 NewDesignator=C15
Change Component Designator: OldDesignator=C14 NewDesignator=C16
Change Component Designator: OldDesignator=C15 NewDesignator=C17
Change Component Designator: OldDesignator=C16 NewDesignator=C18
Change Component Designator: OldDesignator=C17 NewDesignator=C19
Change Component Designator: OldDesignator=C18 NewDesignator=C20
Change Component Designator: OldDesignator=C19 NewDesignator=C21
Change Component Designator: OldDesignator=C20 NewDesignator=C22
Change Component Designator: OldDesignator=C21 NewDesignator=C23
Change Component Designator: OldDesignator=C22 NewDesignator=C24
Change Component Designator: OldDesignator=C23 NewDesignator=C25
Change Component Designator: OldDesignator=C24 NewDesignator=C26
Change Component Designator: OldDesignator=C25 NewDesignator=C13
Change Component Designator: OldDesignator=C26 NewDesignator=C14
Change Component Designator: OldDesignator=J2 NewDesignator=J3
Change Component Designator: OldDesignator=J3 NewDesignator=J4
Change Component Designator: OldDesignator=J4 NewDesignator=J5
Change Component Designator: OldDesignator=J5 NewDesignator=J2
Change Component Designator: OldDesignator=R7 NewDesignator=R9
Change Component Designator: OldDesignator=R8 NewDesignator=R11
Change Component Designator: OldDesignator=R9 NewDesignator=R12
Change Component Designator: OldDesignator=R10 NewDesignator=R14
Change Component Designator: OldDesignator=R11 NewDesignator=R15
Change Component Designator: OldDesignator=R12 NewDesignator=R16
Change Component Designator: OldDesignator=R13 NewDesignator=R17
Change Component Designator: OldDesignator=R14 NewDesignator=R18
Change Component Designator: OldDesignator=R15 NewDesignator=R21
Change Component Designator: OldDesignator=R16 NewDesignator=R19
Change Component Designator: OldDesignator=R17 NewDesignator=R20
Change Component Designator: OldDesignator=R18 NewDesignator=R22
Change Component Designator: OldDesignator=R19 NewDesignator=R23
Change Component Designator: OldDesignator=R20 NewDesignator=R25
Change Component Designator: OldDesignator=R21 NewDesignator=R24
Change Component Designator: OldDesignator=R22 NewDesignator=R26
Change Component Designator: OldDesignator=R23 NewDesignator=R27
Change Component Designator: OldDesignator=R24 NewDesignator=R28
Change Component Designator: OldDesignator=R25 NewDesignator=R29
Change Component Designator: OldDesignator=R26 NewDesignator=R30
Change Component Designator: OldDesignator=R27 NewDesignator=R31
Change Component Designator: OldDesignator=R28 NewDesignator=R32
Change Component Designator: OldDesignator=R29 NewDesignator=R33
Change Component Designator: OldDesignator=R30 NewDesignator=R34
Change Component Designator: OldDesignator=R31 NewDesignator=R35
Change Component Designator: OldDesignator=R32 NewDesignator=R36
Change Component Designator: OldDesignator=R33 NewDesignator=R37
Change Component Designator: OldDesignator=R34 NewDesignator=R38
Change Component Designator: OldDesignator=R35 NewDesignator=R39
Change Component Designator: OldDesignator=R36 NewDesignator=R40
Change Component Designator: OldDesignator=R37 NewDesignator=R41
Change Component Designator: OldDesignator=R38 NewDesignator=R42
Change Component Designator: OldDesignator=R39 NewDesignator=R43
Change Component Designator: OldDesignator=R40 NewDesignator=R44
Change Component Designator: OldDesignator=R41 NewDesignator=R45
Change Component Designator: OldDesignator=R42 NewDesignator=R46
Change Component Designator: OldDesignator=R43 NewDesignator=R47
Change Component Designator: OldDesignator=R44 NewDesignator=R48
Change Component Designator: OldDesignator=R45 NewDesignator=R49
Change Component Designator: OldDesignator=R46 NewDesignator=R50
Change Component Designator: OldDesignator=R47 NewDesignator=R51
Change Component Designator: OldDesignator=R48 NewDesignator=R52
Change Component Designator: OldDesignator=R49 NewDesignator=R53
Change Component Designator: OldDesignator=R50 NewDesignator=R54
Change Component Designator: OldDesignator=R51 NewDesignator=R55
Change Component Designator: OldDesignator=R52 NewDesignator=R10
Change Component Designator: OldDesignator=R53 NewDesignator=R7
Change Component Designator: OldDesignator=R54 NewDesignator=R8
Change Component Designator: OldDesignator=R55 NewDesignator=R13
Change Component Designator: OldDesignator=U6 NewDesignator=U7
Change Component Designator: OldDesignator=U7 NewDesignator=U8
Change Component Designator: OldDesignator=U8 NewDesignator=U9
Change Component Designator: OldDesignator=U9 NewDesignator=U11
Change Component Designator: OldDesignator=U11 NewDesignator=U18
Change Component Designator: OldDesignator=U12 NewDesignator=U22
Change Component Designator: OldDesignator=U13 NewDesignator=U23
Change Component Designator: OldDesignator=U14 NewDesignator=U24
Change Component Designator: OldDesignator=U15 NewDesignator=U25
Change Component Designator: OldDesignator=U16 NewDesignator=U26
Change Component Designator: OldDesignator=U17 NewDesignator=U6
Change Component Designator: OldDesignator=U18 NewDesignator=U13
Change Component Description : Designator=Y1 Old Description=Crystal 22.1184MHz ±20ppm (Tol) ±30ppm (Stability) 18pF FUND 50Ohm 2-Pin Mini-CSMD T/R New Description=Crystal 22.1184MHz ±20ppm (Tol) ±30ppm (Stability) 18pF FUND 50Ohm 2-Pin Mini-CSMD T/R 
Added Component: Designator=U12(TP_SMD)
Added Component: Designator=U14(TP_SMD)
Added Component: Designator=U15(TP_SMD)
Added Component: Designator=U16(TP_SMD)
Added Component: Designator=U17(TP_SMD)
Added Component: Designator=U19(TP_SMD)
Added Component: Designator=U20(TP_SMD)
Added Component: Designator=U21(TP_SMD)
Added Component: Designator=U27(TP_SMD)
Added Pin To Net: NetName=TP1 Pin=U14-1
Change Net Name : Old Net Name=NetC13_1 New Net Name=NetC15_1
Change Net Name : Old Net Name=NetC13_2 New Net Name=NetC15_2
Change Net Name : Old Net Name=NetC14_1 New Net Name=NetC16_1
Change Net Name : Old Net Name=NetC18_1 New Net Name=NetC20_1
Change Net Name : Old Net Name=NetC19_2 New Net Name=NetC21_2
Change Net Name : Old Net Name=NetC20_2 New Net Name=NetC22_2
Change Net Name : Old Net Name=NetC21_1 New Net Name=NetC23_1
Change Net Name : Old Net Name=NetC22_1 New Net Name=NetC24_1
Change Net Name : Old Net Name=NetC23_2 New Net Name=NetC25_2
Change Net Name : Old Net Name=NetC24_1 New Net Name=NetC26_1
Change Net Name : Old Net Name=NetC26_1 New Net Name=NetC14_1
Change Net Name : Old Net Name=NetR7_1 New Net Name=NetR9_1
Change Net Name : Old Net Name=NetR7_3 New Net Name=NetR9_3
Change Net Name : Old Net Name=NetR10_1 New Net Name=NetR14_1
Change Net Name : Old Net Name=NetR16_1 New Net Name=NetR19_1
Change Net Name : Old Net Name=NetR17_2 New Net Name=NetR20_2
Change Net Name : Old Net Name=NetR18_2 New Net Name=NetR22_2
Change Net Name : Old Net Name=NetR21_1 New Net Name=NetR24_1
Change Net Name : Old Net Name=NetR22_2 New Net Name=NetR26_2
Change Net Name : Old Net Name=NetR23_1 New Net Name=NetR27_1
Change Net Name : Old Net Name=NetR29_1 New Net Name=NetR33_1
Change Net Name : Old Net Name=NetR42_2 New Net Name=NetR46_2
Change Net Name : Old Net Name=NetR47_1 New Net Name=NetR51_1
Change Net Name : Old Net Name=NetR48_1 New Net Name=NetR52_1
Change Net Name : Old Net Name=NetR49_1 New Net Name=NetR53_1
Change Net Name : Old Net Name=NetR53_2 New Net Name=NetR7_2
Change Net Name : Old Net Name=NetR55_1 New Net Name=NetR13_1
Change Net Name : Old Net Name=NetU11_10 New Net Name=NetU18_10
Change Net Name : Old Net Name=NetU11_19 New Net Name=NetU18_19
Change Net Name : Old Net Name=NetU11_20 New Net Name=NetU18_20
Change Net Name : Old Net Name=NetU11_21 New Net Name=NetU18_21
Change Net Name : Old Net Name=NetU11_22 New Net Name=NetU18_22
Change Net Name : Old Net Name=NetU11_27 New Net Name=NetU18_27
Change Net Name : Old Net Name=NetU11_28 New Net Name=NetU18_28
Change Net Name : Old Net Name=NetU11_29 New Net Name=NetU18_29
Change Net Name : Old Net Name=NetU11_30 New Net Name=NetU18_30
Added Pin To Net: NetName=NetU25_12 Pin=U25-12
Added Pin To Net: NetName=NetU25_12 Pin=U27-1
Added Net: Name=NetU25_12
Added Pin To Net: NetName=TP2 Pin=U17-1
Added Pin To Net: NetName=TP2 Pin=U18-6
Added Net: Name=TP2
Added Pin To Net: NetName=TP3 Pin=U18-15
Added Pin To Net: NetName=TP3 Pin=U21-1
Added Net: Name=TP3
Added Pin To Net: NetName=TP4 Pin=U13-1
Added Pin To Net: NetName=TP4 Pin=U18-16
Added Net: Name=TP4
Added Pin To Net: NetName=TP5 Pin=U16-1
Added Pin To Net: NetName=TP5 Pin=U18-24
Added Net: Name=TP5
Added Pin To Net: NetName=TP6 Pin=U18-26
Added Pin To Net: NetName=TP6 Pin=U20-1
Added Net: Name=TP6
Added Pin To Net: NetName=TP7 Pin=U12-1
Added Pin To Net: NetName=TP7 Pin=U18-37
Added Net: Name=TP7
Added Pin To Net: NetName=TP8 Pin=U15-1
Added Pin To Net: NetName=TP8 Pin=U18-36
Added Net: Name=TP8
Added Pin To Net: NetName=TP9 Pin=U18-33
Added Pin To Net: NetName=TP9 Pin=U19-1
Added Net: Name=TP9
Added Member To Class: ClassName=electronic_dc_load_v1 Member=Component U19 SMD_PIN1
Added Member To Class: ClassName=electronic_dc_load_v1 Member=Component U20 SMD_PIN1
Added Member To Class: ClassName=electronic_dc_load_v1 Member=Component U21 SMD_PIN1
Added Member To Class: ClassName=electronic_dc_load_v1 Member=Component U22 Rotary Encoder Module
Added Member To Class: ClassName=electronic_dc_load_v1 Member=Component U23 27899
Added Member To Class: ClassName=electronic_dc_load_v1 Member=Component U24 LM35DZ
Added Member To Class: ClassName=electronic_dc_load_v1 Member=Component U25 PCF8574ADWR
Added Member To Class: ClassName=electronic_dc_load_v1 Member=Component U26 DS1307-Tiny RTC Modul
Added Member To Class: ClassName=electronic_dc_load_v1 Member=Component U27 SMD_PIN1
PCB-ECO: Change Pad Pin/Pkg Length: Old=0.5mm New=0mm
PCB-ECO: Change Pad Pin/Pkg Length: Old=0.5mm New=0mm
PCB-ECO: Change Pad Pin/Pkg Length: Old=0.5mm New=0mm
PCB-ECO: Change Pad Pin/Pkg Length: Old=0mm New=0.5mm
