Added Member To Class: ClassName=electronic_dc_load_v1 Member=Component C12 1uF
Added Member To Class: ClassName=electronic_dc_load_v1 Member=Component C13 10uF Tant.
Added Member To Class: ClassName=electronic_dc_load_v1 Member=Component R3 1M
Added Member To Class: ClassName=electronic_dc_load_v1 Member=Component R5 1M
Added Member To Class: ClassName=electronic_dc_load_v1 Member=Component R7 10k
Added Member To Class: ClassName=electronic_dc_load_v1 Member=Component R8 20k
Added Member To Class: ClassName=electronic_dc_load_v1 Member=Component R9 20k
Added Member To Class: ClassName=electronic_dc_load_v1 Member=Component R10 20k
Added Member To Class: ClassName=electronic_dc_load_v1 Member=Component R12 2.2KR
Added Member To Class: ClassName=electronic_dc_load_v1 Member=Component R14 470KR
Added Member To Class: ClassName=electronic_dc_load_v1 Member=Component R15 10kR
Added Member To Class: ClassName=electronic_dc_load_v1 Member=Component R16 10k
Added Member To Class: ClassName=electronic_dc_load_v1 Member=Component R17 10k
Added Member To Class: ClassName=electronic_dc_load_v1 Member=Component R18 100R
Added Member To Class: ClassName=electronic_dc_load_v1 Member=Component R20 500k
Added Member To Class: ClassName=electronic_dc_load_v1 Member=Component R21 1kR
Added Member To Class: ClassName=electronic_dc_load_v1 Member=Component R22 2.2KR
Added Member To Class: ClassName=electronic_dc_load_v1 Member=Component R23 10k
Added Member To Class: ClassName=electronic_dc_load_v1 Member=Component R25 20k
Added Member To Class: ClassName=electronic_dc_load_v1 Member=Component R27 1kR
Added Member To Class: ClassName=electronic_dc_load_v1 Member=Component R28 100R
Added Member To Class: ClassName=electronic_dc_load_v1 Member=Component R29 10k
Added Member To Class: ClassName=electronic_dc_load_v1 Member=Component R30 2.2KR
Added Member To Class: ClassName=electronic_dc_load_v1 Member=Component R31 2.2KR
Added Member To Class: ClassName=electronic_dc_load_v1 Member=Component R32 2.2KR
Added Member To Class: ClassName=electronic_dc_load_v1 Member=Component R33 2.2KR
Added Member To Class: ClassName=electronic_dc_load_v1 Member=Component R34 1kR
Added Member To Class: ClassName=electronic_dc_load_v1 Member=Component R35 1kR
Added Member To Class: ClassName=electronic_dc_load_v1 Member=Component R36 10kR
Added Member To Class: ClassName=electronic_dc_load_v1 Member=Component R38 1R
Added Member To Class: ClassName=electronic_dc_load_v1 Member=Component R39 1R
Added Member To Class: ClassName=electronic_dc_load_v1 Member=Component R40 1R
Added Member To Class: ClassName=electronic_dc_load_v1 Member=Component R41 1R
Added Member To Class: ClassName=electronic_dc_load_v1 Member=Component R42 1kR
Added Member To Class: ClassName=electronic_dc_load_v1 Member=Component R43 270KR
Added Member To Class: ClassName=electronic_dc_load_v1 Member=Component R44 270KR
Added Member To Class: ClassName=electronic_dc_load_v1 Member=Component R45 270KR
Added Member To Class: ClassName=electronic_dc_load_v1 Member=Component R46 270KR
Added Member To Class: ClassName=electronic_dc_load_v1 Member=Component R47 1kR
Added Member To Class: ClassName=electronic_dc_load_v1 Member=Component R49 1M
Added Member To Class: ClassName=electronic_dc_load_v1 Member=Component R50 10k
Added Member To Class: ClassName=electronic_dc_load_v1 Member=Component R62 10kR
Added Member To Class: ClassName=electronic_dc_load_v1 Member=Component R64 10kR
Added Member To Class: ClassName=electronic_dc_load_v1 Member=Component R66 100KR
Added Member To Class: ClassName=electronic_dc_load_v1 Member=Component U8 GLCD
Added Member To Class: ClassName=electronic_dc_load_v1 Member=Component U11 Optoisolator1
Added Member To Class: ClassName=electronic_dc_load_v1 Member=Component U18 SMD_PIN1
Added Member To Class: ClassName=electronic_dc_load_v1 Member=Component U20 SMD_PIN1
PCB-ECO: Change Pad Pin/Pkg Length: Old=0.5mm New=0mm
PCB-ECO: Change Pad Pin/Pkg Length: Old=0mm New=0.5mm
