Added Component: Designator=J6(SAMTEC_TSW-101-24-T-S)
Add component (AddParameter): Name = "Availability"; Value = "Unavailable"; VariantName = "[No Variations]"
Add component (AddParameter): Name = "MF"; Value = "{'manufacturer': u'Samtec'}"; VariantName = "[No Variations]"
Add component (AddParameter): Name = "MP"; Value = "TSW-101-24-T-S"; VariantName = "[No Variations]"
Add component (AddParameter): Name = "Package"; Value = "None"; VariantName = "[No Variations]"
Add component (AddParameter): Name = "Price"; Value = "None"; VariantName = "[No Variations]"
Add component (AddParameter): Name = "Value"; Value = ""; VariantName = "[No Variations]"
Added Component: Designator=J7(SAMTEC_TSW-101-24-T-S)
Add component (AddParameter): Name = "Availability"; Value = "Unavailable"; VariantName = "[No Variations]"
Add component (AddParameter): Name = "MF"; Value = "{'manufacturer': u'Samtec'}"; VariantName = "[No Variations]"
Add component (AddParameter): Name = "MP"; Value = "TSW-101-24-T-S"; VariantName = "[No Variations]"
Add component (AddParameter): Name = "Package"; Value = "None"; VariantName = "[No Variations]"
Add component (AddParameter): Name = "Price"; Value = "None"; VariantName = "[No Variations]"
Add component (AddParameter): Name = "Value"; Value = ""; VariantName = "[No Variations]"
Added Component: Designator=J8(SAMTEC_TSW-101-24-T-S)
Add component (AddParameter): Name = "Availability"; Value = "Unavailable"; VariantName = "[No Variations]"
Add component (AddParameter): Name = "MF"; Value = "{'manufacturer': u'Samtec'}"; VariantName = "[No Variations]"
Add component (AddParameter): Name = "MP"; Value = "TSW-101-24-T-S"; VariantName = "[No Variations]"
Add component (AddParameter): Name = "Package"; Value = "None"; VariantName = "[No Variations]"
Add component (AddParameter): Name = "Price"; Value = "None"; VariantName = "[No Variations]"
Add component (AddParameter): Name = "Value"; Value = ""; VariantName = "[No Variations]"
Added Component: Designator=J9(SAMTEC_TSW-101-24-T-S)
Add component (AddParameter): Name = "Availability"; Value = "Unavailable"; VariantName = "[No Variations]"
Add component (AddParameter): Name = "MF"; Value = "{'manufacturer': u'Samtec'}"; VariantName = "[No Variations]"
Add component (AddParameter): Name = "MP"; Value = "TSW-101-24-T-S"; VariantName = "[No Variations]"
Add component (AddParameter): Name = "Package"; Value = "None"; VariantName = "[No Variations]"
Add component (AddParameter): Name = "Price"; Value = "None"; VariantName = "[No Variations]"
Add component (AddParameter): Name = "Value"; Value = ""; VariantName = "[No Variations]"
Added Component: Designator=J10(SAMTEC_TSW-101-24-T-S)
Add component (AddParameter): Name = "Availability"; Value = "Unavailable"; VariantName = "[No Variations]"
Add component (AddParameter): Name = "MF"; Value = "{'manufacturer': u'Samtec'}"; VariantName = "[No Variations]"
Add component (AddParameter): Name = "MP"; Value = "TSW-101-24-T-S"; VariantName = "[No Variations]"
Add component (AddParameter): Name = "Package"; Value = "None"; VariantName = "[No Variations]"
Add component (AddParameter): Name = "Price"; Value = "None"; VariantName = "[No Variations]"
Add component (AddParameter): Name = "Value"; Value = ""; VariantName = "[No Variations]"
Added Component: Designator=J11(SAMTEC_TSW-101-24-T-S)
Add component (AddParameter): Name = "Availability"; Value = "Unavailable"; VariantName = "[No Variations]"
Add component (AddParameter): Name = "MF"; Value = "{'manufacturer': u'Samtec'}"; VariantName = "[No Variations]"
Add component (AddParameter): Name = "MP"; Value = "TSW-101-24-T-S"; VariantName = "[No Variations]"
Add component (AddParameter): Name = "Package"; Value = "None"; VariantName = "[No Variations]"
Add component (AddParameter): Name = "Price"; Value = "None"; VariantName = "[No Variations]"
Add component (AddParameter): Name = "Value"; Value = ""; VariantName = "[No Variations]"
Added Component: Designator=J12(SAMTEC_TSW-101-24-T-S)
Add component (AddParameter): Name = "Availability"; Value = "Unavailable"; VariantName = "[No Variations]"
Add component (AddParameter): Name = "MF"; Value = "{'manufacturer': u'Samtec'}"; VariantName = "[No Variations]"
Add component (AddParameter): Name = "MP"; Value = "TSW-101-24-T-S"; VariantName = "[No Variations]"
Add component (AddParameter): Name = "Package"; Value = "None"; VariantName = "[No Variations]"
Add component (AddParameter): Name = "Price"; Value = "None"; VariantName = "[No Variations]"
Add component (AddParameter): Name = "Value"; Value = ""; VariantName = "[No Variations]"
Added Component: Designator=J13(SAMTEC_TSW-101-24-T-S)
Add component (AddParameter): Name = "Availability"; Value = "Unavailable"; VariantName = "[No Variations]"
Add component (AddParameter): Name = "MF"; Value = "{'manufacturer': u'Samtec'}"; VariantName = "[No Variations]"
Add component (AddParameter): Name = "MP"; Value = "TSW-101-24-T-S"; VariantName = "[No Variations]"
Add component (AddParameter): Name = "Package"; Value = "None"; VariantName = "[No Variations]"
Add component (AddParameter): Name = "Price"; Value = "None"; VariantName = "[No Variations]"
Add component (AddParameter): Name = "Value"; Value = ""; VariantName = "[No Variations]"
Added Component: Designator=J14(SAMTEC_TSW-101-24-T-S)
Add component (AddParameter): Name = "Availability"; Value = "Unavailable"; VariantName = "[No Variations]"
Add component (AddParameter): Name = "MF"; Value = "{'manufacturer': u'Samtec'}"; VariantName = "[No Variations]"
Add component (AddParameter): Name = "MP"; Value = "TSW-101-24-T-S"; VariantName = "[No Variations]"
Add component (AddParameter): Name = "Package"; Value = "None"; VariantName = "[No Variations]"
Add component (AddParameter): Name = "Price"; Value = "None"; VariantName = "[No Variations]"
Add component (AddParameter): Name = "Value"; Value = ""; VariantName = "[No Variations]"
Added Component: Designator=J15(SAMTEC_TSW-101-24-T-S)
Add component (AddParameter): Name = "Availability"; Value = "Unavailable"; VariantName = "[No Variations]"
Add component (AddParameter): Name = "MF"; Value = "{'manufacturer': u'Samtec'}"; VariantName = "[No Variations]"
Add component (AddParameter): Name = "MP"; Value = "TSW-101-24-T-S"; VariantName = "[No Variations]"
Add component (AddParameter): Name = "Package"; Value = "None"; VariantName = "[No Variations]"
Add component (AddParameter): Name = "Price"; Value = "None"; VariantName = "[No Variations]"
Add component (AddParameter): Name = "Value"; Value = ""; VariantName = "[No Variations]"
Added Component: Designator=J16(SAMTEC_TSW-101-24-T-S)
Add component (AddParameter): Name = "Availability"; Value = "Unavailable"; VariantName = "[No Variations]"
Add component (AddParameter): Name = "MF"; Value = "{'manufacturer': u'Samtec'}"; VariantName = "[No Variations]"
Add component (AddParameter): Name = "MP"; Value = "TSW-101-24-T-S"; VariantName = "[No Variations]"
Add component (AddParameter): Name = "Package"; Value = "None"; VariantName = "[No Variations]"
Add component (AddParameter): Name = "Price"; Value = "None"; VariantName = "[No Variations]"
Add component (AddParameter): Name = "Value"; Value = ""; VariantName = "[No Variations]"
Added Pin To Net: NetName=+12 Pin=J6-01
Added Pin To Net: NetName=+5 Pin=J8-01
Added Pin To Net: NetName=NetC2_1 Pin=J10-01
Added Pin To Net: NetName=NetC8_1 Pin=J12-01
Added Pin To Net: NetName=GND Pin=J13-01
Added Pin To Net: NetName=NetC26_1 Pin=J15-01
Added Pin To Net: NetName=+5 Pin=J16-01
Added Member To Class: ClassName=electronic_dc_load_v1 Member=Component J6 TSW-101-24-T-S
Added Member To Class: ClassName=electronic_dc_load_v1 Member=Component J7 TSW-101-24-T-S
Added Member To Class: ClassName=electronic_dc_load_v1 Member=Component J8 TSW-101-24-T-S
Added Member To Class: ClassName=electronic_dc_load_v1 Member=Component J9 TSW-101-24-T-S
Added Member To Class: ClassName=electronic_dc_load_v1 Member=Component J10 TSW-101-24-T-S
Added Member To Class: ClassName=electronic_dc_load_v1 Member=Component J11 TSW-101-24-T-S
Added Member To Class: ClassName=electronic_dc_load_v1 Member=Component J12 TSW-101-24-T-S
Added Member To Class: ClassName=electronic_dc_load_v1 Member=Component J13 TSW-101-24-T-S
Added Member To Class: ClassName=electronic_dc_load_v1 Member=Component J14 TSW-101-24-T-S
Added Member To Class: ClassName=electronic_dc_load_v1 Member=Component J15 TSW-101-24-T-S
Added Member To Class: ClassName=electronic_dc_load_v1 Member=Component J16 TSW-101-24-T-S
