Change Component Designator: Old Designator=B1 New Designator=B2
Change Component Designator: Old Designator=B2 New Designator=B3
Change Component Designator: Old Designator=B3 New Designator=B1
Change Component Designator: Old Designator=C13 New Designator=C15
Change Component Designator: Old Designator=C14 New Designator=C16
Change Component Designator: Old Designator=C15 New Designator=C17
Change Component Designator: Old Designator=C16 New Designator=C18
Change Component Designator: Old Designator=C17 New Designator=C19
Change Component Designator: Old Designator=C18 New Designator=C20
Change Component Designator: Old Designator=C19 New Designator=C21
Change Component Designator: Old Designator=C20 New Designator=C22
Change Component Designator: Old Designator=C21 New Designator=C23
Change Component Designator: Old Designator=C22 New Designator=C24
Change Component Designator: Old Designator=C23 New Designator=C25
Change Component Designator: Old Designator=C24 New Designator=C26
Change Component Designator: Old Designator=C25 New Designator=C13
Change Component Designator: Old Designator=C26 New Designator=C14
Change Component Designator: Old Designator=J2 New Designator=J3
Change Component Designator: Old Designator=J3 New Designator=J4
Change Component Designator: Old Designator=J4 New Designator=J5
Change Component Designator: Old Designator=J5 New Designator=J2
Change Component Designator: Old Designator=R7 New Designator=R9
Change Component Designator: Old Designator=R8 New Designator=R11
Change Component Designator: Old Designator=R9 New Designator=R12
Change Component Designator: Old Designator=R10 New Designator=R14
Change Component Designator: Old Designator=R11 New Designator=R15
Change Component Designator: Old Designator=R12 New Designator=R16
Change Component Designator: Old Designator=R13 New Designator=R17
Change Component Designator: Old Designator=R14 New Designator=R18
Change Component Designator: Old Designator=R15 New Designator=R21
Change Component Designator: Old Designator=R16 New Designator=R19
Change Component Designator: Old Designator=R17 New Designator=R20
Change Component Designator: Old Designator=R18 New Designator=R22
Change Component Designator: Old Designator=R19 New Designator=R23
Change Component Designator: Old Designator=R20 New Designator=R25
Change Component Designator: Old Designator=R21 New Designator=R24
Change Component Designator: Old Designator=R22 New Designator=R26
Change Component Designator: Old Designator=R23 New Designator=R27
Change Component Designator: Old Designator=R24 New Designator=R28
Change Component Designator: Old Designator=R25 New Designator=R29
Change Component Designator: Old Designator=R26 New Designator=R30
Change Component Designator: Old Designator=R27 New Designator=R31
Change Component Designator: Old Designator=R28 New Designator=R32
Change Component Designator: Old Designator=R29 New Designator=R33
Change Component Designator: Old Designator=R30 New Designator=R34
Change Component Designator: Old Designator=R31 New Designator=R35
Change Component Designator: Old Designator=R32 New Designator=R36
Change Component Designator: Old Designator=R33 New Designator=R37
Change Component Designator: Old Designator=R34 New Designator=R38
Change Component Designator: Old Designator=R35 New Designator=R39
Change Component Designator: Old Designator=R36 New Designator=R40
Change Component Designator: Old Designator=R37 New Designator=R41
Change Component Designator: Old Designator=R38 New Designator=R42
Change Component Designator: Old Designator=R39 New Designator=R43
Change Component Designator: Old Designator=R40 New Designator=R44
Change Component Designator: Old Designator=R41 New Designator=R45
Change Component Designator: Old Designator=R42 New Designator=R46
Change Component Designator: Old Designator=R43 New Designator=R47
Change Component Designator: Old Designator=R44 New Designator=R48
Change Component Designator: Old Designator=R45 New Designator=R49
Change Component Designator: Old Designator=R46 New Designator=R50
Change Component Designator: Old Designator=R47 New Designator=R51
Change Component Designator: Old Designator=R48 New Designator=R52
Change Component Designator: Old Designator=R49 New Designator=R53
Change Component Designator: Old Designator=R50 New Designator=R54
Change Component Designator: Old Designator=R51 New Designator=R55
Change Component Designator: Old Designator=R52 New Designator=R10
Change Component Designator: Old Designator=R53 New Designator=R7
Change Component Designator: Old Designator=R54 New Designator=R8
Change Component Designator: Old Designator=R55 New Designator=R13
Change Component Designator: Old Designator=U6 New Designator=U7
Change Component Designator: Old Designator=U7 New Designator=U8
Change Component Designator: Old Designator=U8 New Designator=U9
Change Component Designator: Old Designator=U9 New Designator=U11
Change Component Designator: Old Designator=U11 New Designator=U18
Change Component Designator: Old Designator=U12 New Designator=U22
Change Component Designator: Old Designator=U13 New Designator=U23
Change Component Designator: Old Designator=U14 New Designator=U24
Change Component Designator: Old Designator=U15 New Designator=U25
Change Component Designator: Old Designator=U16 New Designator=U26
Change Component Designator: Old Designator=U17 New Designator=U6
Change Component Designator: Old Designator=U18 New Designator=U13
Change Component Designator: Old Designator=U19 New Designator=U12
Change Component Designator: Old Designator=U20 New Designator=U14
Change Component Designator: Old Designator=U21 New Designator=U15
Change Component Designator: Old Designator=U22 New Designator=U16
Change Component Designator: Old Designator=U23 New Designator=U17
Change Component Designator: Old Designator=U24 New Designator=U19
Change Component Designator: Old Designator=U25 New Designator=U20
Change Component Designator: Old Designator=U26 New Designator=U21
