Replace Part 1 AD8630 in C:\Users\user\Desktop\st7920\mplab\ELECTRONIC_LOAD_2020\DC_Electronic_load\Hardware\altium_files\electronic_dc_load_v1\electronic_dc_load_v1.SchDoc with AD8630 from electronic_dc_load_v1.SchLib
Replace Part 1 AD8630 in C:\Users\user\Desktop\st7920\mplab\ELECTRONIC_LOAD_2020\DC_Electronic_load\Hardware\altium_files\electronic_dc_load_v1\electronic_dc_load_v1.SchDoc with AD8630 from electronic_dc_load_v1.SchLib
Replace Part 1 AD8630 in C:\Users\user\Desktop\st7920\mplab\ELECTRONIC_LOAD_2020\DC_Electronic_load\Hardware\altium_files\electronic_dc_load_v1\electronic_dc_load_v1.SchDoc with AD8630 from electronic_dc_load_v1.SchLib
Replace Part 1 AD8630 in C:\Users\user\Desktop\st7920\mplab\ELECTRONIC_LOAD_2020\DC_Electronic_load\Hardware\altium_files\electronic_dc_load_v1\electronic_dc_load_v1.SchDoc with AD8630 from electronic_dc_load_v1.SchLib
Replace Part 1 AD8630 in C:\Users\user\Desktop\st7920\mplab\ELECTRONIC_LOAD_2020\DC_Electronic_load\Hardware\altium_files\electronic_dc_load_v1\electronic_dc_load_v1.SchDoc with AD8630 from electronic_dc_load_v1.SchLib
Replace Part 2 100uF Tant. in C:\Users\user\Desktop\st7920\mplab\ELECTRONIC_LOAD_2020\DC_Electronic_load\Hardware\altium_files\electronic_dc_load_v1\electronic_dc_load_v1.SchDoc with 100uF Tant. from electronic_dc_load_v1.SchLib
Replace Part 3 100uF Tant. in C:\Users\user\Desktop\st7920\mplab\ELECTRONIC_LOAD_2020\DC_Electronic_load\Hardware\altium_files\electronic_dc_load_v1\electronic_dc_load_v1.SchDoc with 100uF Tant. from electronic_dc_load_v1.SchLib
Replace Part 4 100uF Tant. in C:\Users\user\Desktop\st7920\mplab\ELECTRONIC_LOAD_2020\DC_Electronic_load\Hardware\altium_files\electronic_dc_load_v1\electronic_dc_load_v1.SchDoc with 100uF Tant. from electronic_dc_load_v1.SchLib
Replace Part 5 031-71052 in C:\Users\user\Desktop\st7920\mplab\ELECTRONIC_LOAD_2020\DC_Electronic_load\Hardware\altium_files\electronic_dc_load_v1\electronic_dc_load_v1.SchDoc with 031-71052 from electronic_dc_load_v1.SchLib
Replace Part B1+ BANANA JACK in C:\Users\user\Desktop\st7920\mplab\ELECTRONIC_LOAD_2020\DC_Electronic_load\Hardware\altium_files\electronic_dc_load_v1\electronic_dc_load_v1.SchDoc with BANANA JACK from electronic_dc_load_v1.SchLib
Replace Part B2- BANANA JACK in C:\Users\user\Desktop\st7920\mplab\ELECTRONIC_LOAD_2020\DC_Electronic_load\Hardware\altium_files\electronic_dc_load_v1\electronic_dc_load_v1.SchDoc with BANANA JACK from electronic_dc_load_v1.SchLib
Replace Part C1 470µF in C:\Users\user\Desktop\st7920\mplab\ELECTRONIC_LOAD_2020\DC_Electronic_load\Hardware\altium_files\electronic_dc_load_v1\electronic_dc_load_v1.SchDoc with 470µF from electronic_dc_load_v1.SchLib
Replace Part C2 0.1uF in C:\Users\user\Desktop\st7920\mplab\ELECTRONIC_LOAD_2020\DC_Electronic_load\Hardware\altium_files\electronic_dc_load_v1\electronic_dc_load_v1.SchDoc with 0.1uF from electronic_dc_load_v1.SchLib
Replace Part C3 0.1uF in C:\Users\user\Desktop\st7920\mplab\ELECTRONIC_LOAD_2020\DC_Electronic_load\Hardware\altium_files\electronic_dc_load_v1\electronic_dc_load_v1.SchDoc with 0.1uF from electronic_dc_load_v1.SchLib
Replace Part C4 220µF in C:\Users\user\Desktop\st7920\mplab\ELECTRONIC_LOAD_2020\DC_Electronic_load\Hardware\altium_files\electronic_dc_load_v1\electronic_dc_load_v1.SchDoc with 220µF from electronic_dc_load_v1.SchLib
Replace Part C5 0.1uF in C:\Users\user\Desktop\st7920\mplab\ELECTRONIC_LOAD_2020\DC_Electronic_load\Hardware\altium_files\electronic_dc_load_v1\electronic_dc_load_v1.SchDoc with 0.1uF from electronic_dc_load_v1.SchLib
Replace Part C6 47µF in C:\Users\user\Desktop\st7920\mplab\ELECTRONIC_LOAD_2020\DC_Electronic_load\Hardware\altium_files\electronic_dc_load_v1\electronic_dc_load_v1.SchDoc with 47µF from electronic_dc_load_v1.SchLib
Replace Part C7 0.1uF in C:\Users\user\Desktop\st7920\mplab\ELECTRONIC_LOAD_2020\DC_Electronic_load\Hardware\altium_files\electronic_dc_load_v1\electronic_dc_load_v1.SchDoc with 0.1uF from electronic_dc_load_v1.SchLib
Replace Part C8 0.1uF in C:\Users\user\Desktop\st7920\mplab\ELECTRONIC_LOAD_2020\DC_Electronic_load\Hardware\altium_files\electronic_dc_load_v1\electronic_dc_load_v1.SchDoc with 0.1uF from electronic_dc_load_v1.SchLib
Replace Part C9 0.1uF in C:\Users\user\Desktop\st7920\mplab\ELECTRONIC_LOAD_2020\DC_Electronic_load\Hardware\altium_files\electronic_dc_load_v1\electronic_dc_load_v1.SchDoc with 0.1uF from electronic_dc_load_v1.SchLib
Replace Part C10 100uF Elect. in C:\Users\user\Desktop\st7920\mplab\ELECTRONIC_LOAD_2020\DC_Electronic_load\Hardware\altium_files\electronic_dc_load_v1\electronic_dc_load_v1.SchDoc with 100uF Elect. from electronic_dc_load_v1.SchLib
Replace Part C11 0.1uF in C:\Users\user\Desktop\st7920\mplab\ELECTRONIC_LOAD_2020\DC_Electronic_load\Hardware\altium_files\electronic_dc_load_v1\electronic_dc_load_v1.SchDoc with 0.1uF from electronic_dc_load_v1.SchLib
Replace Part C12 1uF in C:\Users\user\Desktop\st7920\mplab\ELECTRONIC_LOAD_2020\DC_Electronic_load\Hardware\altium_files\electronic_dc_load_v1\electronic_dc_load_v1.SchDoc with 1uF from electronic_dc_load_v1.SchLib
Replace Part C13 1nf in C:\Users\user\Desktop\st7920\mplab\ELECTRONIC_LOAD_2020\DC_Electronic_load\Hardware\altium_files\electronic_dc_load_v1\electronic_dc_load_v1.SchDoc with 1nf from electronic_dc_load_v1.SchLib
Replace Part C14 0.1uF in C:\Users\user\Desktop\st7920\mplab\ELECTRONIC_LOAD_2020\DC_Electronic_load\Hardware\altium_files\electronic_dc_load_v1\electronic_dc_load_v1.SchDoc with 0.1uF from electronic_dc_load_v1.SchLib
Replace Part C15 100uF Elect. in C:\Users\user\Desktop\st7920\mplab\ELECTRONIC_LOAD_2020\DC_Electronic_load\Hardware\altium_files\electronic_dc_load_v1\electronic_dc_load_v1.SchDoc with 100uF Elect. from electronic_dc_load_v1.SchLib
Replace Part C16 0.1uF in C:\Users\user\Desktop\st7920\mplab\ELECTRONIC_LOAD_2020\DC_Electronic_load\Hardware\altium_files\electronic_dc_load_v1\electronic_dc_load_v1.SchDoc with 0.1uF from electronic_dc_load_v1.SchLib
Replace Part C17 100uF Elect. in C:\Users\user\Desktop\st7920\mplab\ELECTRONIC_LOAD_2020\DC_Electronic_load\Hardware\altium_files\electronic_dc_load_v1\electronic_dc_load_v1.SchDoc with 100uF Elect. from electronic_dc_load_v1.SchLib
Replace Part C18 100uF Elect. in C:\Users\user\Desktop\st7920\mplab\ELECTRONIC_LOAD_2020\DC_Electronic_load\Hardware\altium_files\electronic_dc_load_v1\electronic_dc_load_v1.SchDoc with 100uF Elect. from electronic_dc_load_v1.SchLib
Replace Part C19 100uF Elect. in C:\Users\user\Desktop\st7920\mplab\ELECTRONIC_LOAD_2020\DC_Electronic_load\Hardware\altium_files\electronic_dc_load_v1\electronic_dc_load_v1.SchDoc with 100uF Elect. from electronic_dc_load_v1.SchLib
Replace Part C20 100uF Elect. in C:\Users\user\Desktop\st7920\mplab\ELECTRONIC_LOAD_2020\DC_Electronic_load\Hardware\altium_files\electronic_dc_load_v1\electronic_dc_load_v1.SchDoc with 100uF Elect. from electronic_dc_load_v1.SchLib
Replace Part C21 0.1uF in C:\Users\user\Desktop\st7920\mplab\ELECTRONIC_LOAD_2020\DC_Electronic_load\Hardware\altium_files\electronic_dc_load_v1\electronic_dc_load_v1.SchDoc with 0.1uF from electronic_dc_load_v1.SchLib
Replace Part C22 22pF in C:\Users\user\Desktop\st7920\mplab\ELECTRONIC_LOAD_2020\DC_Electronic_load\Hardware\altium_files\electronic_dc_load_v1\electronic_dc_load_v1.SchDoc with 22pF from digital_components.SchLib
Replace Part C23 22pF in C:\Users\user\Desktop\st7920\mplab\ELECTRONIC_LOAD_2020\DC_Electronic_load\Hardware\altium_files\electronic_dc_load_v1\electronic_dc_load_v1.SchDoc with 22pF from digital_components.SchLib
Replace Part D1 15-21SURC/S530-A3/TR8 in C:\Users\user\Desktop\st7920\mplab\ELECTRONIC_LOAD_2020\DC_Electronic_load\Hardware\altium_files\electronic_dc_load_v1\electronic_dc_load_v1.SchDoc with 15-21SURC/S530-A3/TR8 from electronic_dc_load_v1.SchLib
Replace Part D2 D in C:\Users\user\Desktop\st7920\mplab\ELECTRONIC_LOAD_2020\DC_Electronic_load\Hardware\altium_files\electronic_dc_load_v1\electronic_dc_load_v1.SchDoc with D from digital_components.SchLib
Replace Part D3 D in C:\Users\user\Desktop\st7920\mplab\ELECTRONIC_LOAD_2020\DC_Electronic_load\Hardware\altium_files\electronic_dc_load_v1\electronic_dc_load_v1.SchDoc with D from digital_components.SchLib
Replace Part D4 D in C:\Users\user\Desktop\st7920\mplab\ELECTRONIC_LOAD_2020\DC_Electronic_load\Hardware\altium_files\electronic_dc_load_v1\electronic_dc_load_v1.SchDoc with D from digital_components.SchLib
Replace Part D5 D in C:\Users\user\Desktop\st7920\mplab\ELECTRONIC_LOAD_2020\DC_Electronic_load\Hardware\altium_files\electronic_dc_load_v1\electronic_dc_load_v1.SchDoc with D from digital_components.SchLib
Replace Part D6 D in C:\Users\user\Desktop\st7920\mplab\ELECTRONIC_LOAD_2020\DC_Electronic_load\Hardware\altium_files\electronic_dc_load_v1\electronic_dc_load_v1.SchDoc with D from digital_components.SchLib
Replace Part D7 D in C:\Users\user\Desktop\st7920\mplab\ELECTRONIC_LOAD_2020\DC_Electronic_load\Hardware\altium_files\electronic_dc_load_v1\electronic_dc_load_v1.SchDoc with D from digital_components.SchLib
Replace Part D8 D in C:\Users\user\Desktop\st7920\mplab\ELECTRONIC_LOAD_2020\DC_Electronic_load\Hardware\altium_files\electronic_dc_load_v1\electronic_dc_load_v1.SchDoc with D from digital_components.SchLib
Replace Part J1 Power jack in C:\Users\user\Desktop\st7920\mplab\ELECTRONIC_LOAD_2020\DC_Electronic_load\Hardware\altium_files\electronic_dc_load_v1\electronic_dc_load_v1.SchDoc with Power jack from electronic_dc_load_v1.SchLib
Replace Part J2 TSW-101-24-T-S in C:\Users\user\Desktop\st7920\mplab\ELECTRONIC_LOAD_2020\DC_Electronic_load\Hardware\altium_files\electronic_dc_load_v1\electronic_dc_load_v1.SchDoc with TSW-101-24-T-S from SnapEDA_Library.IntLib
Replace Part P1 MHDR1X2 in C:\Users\user\Desktop\st7920\mplab\ELECTRONIC_LOAD_2020\DC_Electronic_load\Hardware\altium_files\electronic_dc_load_v1\electronic_dc_load_v1.SchDoc with MHDR1X2 from Miscellaneous Connectors.IntLib
Replace Part P2 Header 2 in C:\Users\user\Desktop\st7920\mplab\ELECTRONIC_LOAD_2020\DC_Electronic_load\Hardware\altium_files\electronic_dc_load_v1\electronic_dc_load_v1.SchDoc with Header 2 from Miscellaneous Connectors.IntLib
Replace Part P3 Header 2 in C:\Users\user\Desktop\st7920\mplab\ELECTRONIC_LOAD_2020\DC_Electronic_load\Hardware\altium_files\electronic_dc_load_v1\electronic_dc_load_v1.SchDoc with Header 2 from Miscellaneous Connectors.IntLib
Replace Part P4 Header 2 in C:\Users\user\Desktop\st7920\mplab\ELECTRONIC_LOAD_2020\DC_Electronic_load\Hardware\altium_files\electronic_dc_load_v1\electronic_dc_load_v1.SchDoc with Header 2 from Miscellaneous Connectors.IntLib
Replace Part P5 Header 2 in C:\Users\user\Desktop\st7920\mplab\ELECTRONIC_LOAD_2020\DC_Electronic_load\Hardware\altium_files\electronic_dc_load_v1\electronic_dc_load_v1.SchDoc with Header 2 from Miscellaneous Connectors.IntLib
Replace Part P6 Header 2 in C:\Users\user\Desktop\st7920\mplab\ELECTRONIC_LOAD_2020\DC_Electronic_load\Hardware\altium_files\electronic_dc_load_v1\electronic_dc_load_v1.SchDoc with Header 2 from Miscellaneous Connectors.IntLib
Replace Part P8 Header 6 in C:\Users\user\Desktop\st7920\mplab\ELECTRONIC_LOAD_2020\DC_Electronic_load\Hardware\altium_files\electronic_dc_load_v1\electronic_dc_load_v1.SchDoc with Header 6 from Miscellaneous Connectors.IntLib
Replace Part P9 Header 7 in C:\Users\user\Desktop\st7920\mplab\ELECTRONIC_LOAD_2020\DC_Electronic_load\Hardware\altium_files\electronic_dc_load_v1\electronic_dc_load_v1.SchDoc with Header 7 from Miscellaneous Connectors.IntLib
Replace Part Q1 STP55NF06L in C:\Users\user\Desktop\st7920\mplab\ELECTRONIC_LOAD_2020\DC_Electronic_load\Hardware\altium_files\electronic_dc_load_v1\electronic_dc_load_v1.SchDoc with STP55NF06L from electronic_dc_load_v1.SchLib
Replace Part Q2 STP55NF06L in C:\Users\user\Desktop\st7920\mplab\ELECTRONIC_LOAD_2020\DC_Electronic_load\Hardware\altium_files\electronic_dc_load_v1\electronic_dc_load_v1.SchDoc with STP55NF06L from electronic_dc_load_v1.SchLib
Replace Part Q3 STP55NF06L in C:\Users\user\Desktop\st7920\mplab\ELECTRONIC_LOAD_2020\DC_Electronic_load\Hardware\altium_files\electronic_dc_load_v1\electronic_dc_load_v1.SchDoc with STP55NF06L from electronic_dc_load_v1.SchLib
Replace Part Q4 STP55NF06L in C:\Users\user\Desktop\st7920\mplab\ELECTRONIC_LOAD_2020\DC_Electronic_load\Hardware\altium_files\electronic_dc_load_v1\electronic_dc_load_v1.SchDoc with STP55NF06L from electronic_dc_load_v1.SchLib
Replace Part Q5 STP55NF06L in C:\Users\user\Desktop\st7920\mplab\ELECTRONIC_LOAD_2020\DC_Electronic_load\Hardware\altium_files\electronic_dc_load_v1\electronic_dc_load_v1.SchDoc with STP55NF06L from electronic_dc_load_v1.SchLib
Replace Part Q6 BC846BWT1G in C:\Users\user\Desktop\st7920\mplab\ELECTRONIC_LOAD_2020\DC_Electronic_load\Hardware\altium_files\electronic_dc_load_v1\electronic_dc_load_v1.SchDoc with BC846BWT1G from electronic_dc_load_v1.SchLib
Replace Part Q7 BC846BWT1G in C:\Users\user\Desktop\st7920\mplab\ELECTRONIC_LOAD_2020\DC_Electronic_load\Hardware\altium_files\electronic_dc_load_v1\electronic_dc_load_v1.SchDoc with BC846BWT1G from electronic_dc_load_v1.SchLib
Replace Part Q8 BC846BWT1G in C:\Users\user\Desktop\st7920\mplab\ELECTRONIC_LOAD_2020\DC_Electronic_load\Hardware\altium_files\electronic_dc_load_v1\electronic_dc_load_v1.SchDoc with BC846BWT1G from electronic_dc_load_v1.SchLib
Replace Part Q9 BC846BWT1G in C:\Users\user\Desktop\st7920\mplab\ELECTRONIC_LOAD_2020\DC_Electronic_load\Hardware\altium_files\electronic_dc_load_v1\electronic_dc_load_v1.SchDoc with BC846BWT1G from electronic_dc_load_v1.SchLib
Replace Part Q10 BC846BWT1G in C:\Users\user\Desktop\st7920\mplab\ELECTRONIC_LOAD_2020\DC_Electronic_load\Hardware\altium_files\electronic_dc_load_v1\electronic_dc_load_v1.SchDoc with BC846BWT1G from electronic_dc_load_v1.SchLib
Replace Part R1 10kR in C:\Users\user\Desktop\st7920\mplab\ELECTRONIC_LOAD_2020\DC_Electronic_load\Hardware\altium_files\electronic_dc_load_v1\electronic_dc_load_v1.SchDoc with 10kR from digital_components.SchLib
Replace Part R2 1M in C:\Users\user\Desktop\st7920\mplab\ELECTRONIC_LOAD_2020\DC_Electronic_load\Hardware\altium_files\electronic_dc_load_v1\electronic_dc_load_v1.SchDoc with 1M from electronic_dc_load_v1.SchLib
Replace Part R3 1M in C:\Users\user\Desktop\st7920\mplab\ELECTRONIC_LOAD_2020\DC_Electronic_load\Hardware\altium_files\electronic_dc_load_v1\electronic_dc_load_v1.SchDoc with 1M from electronic_dc_load_v1.SchLib
Replace Part R4 1M in C:\Users\user\Desktop\st7920\mplab\ELECTRONIC_LOAD_2020\DC_Electronic_load\Hardware\altium_files\electronic_dc_load_v1\electronic_dc_load_v1.SchDoc with 1M from electronic_dc_load_v1.SchLib
Replace Part R5 100R in C:\Users\user\Desktop\st7920\mplab\ELECTRONIC_LOAD_2020\DC_Electronic_load\Hardware\altium_files\electronic_dc_load_v1\electronic_dc_load_v1.SchDoc with 100R from electronic_dc_load_v1.SchLib
Replace Part R6 10k in C:\Users\user\Desktop\st7920\mplab\ELECTRONIC_LOAD_2020\DC_Electronic_load\Hardware\altium_files\electronic_dc_load_v1\electronic_dc_load_v1.SchDoc with 10k from electronic_dc_load_v1.SchLib
Replace Part R7 2.2KR in C:\Users\user\Desktop\st7920\mplab\ELECTRONIC_LOAD_2020\DC_Electronic_load\Hardware\altium_files\electronic_dc_load_v1\electronic_dc_load_v1.SchDoc with 2.2KR from electronic_dc_load_v1.SchLib
Replace Part R8 20k in C:\Users\user\Desktop\st7920\mplab\ELECTRONIC_LOAD_2020\DC_Electronic_load\Hardware\altium_files\electronic_dc_load_v1\electronic_dc_load_v1.SchDoc with 20k from electronic_dc_load_v1.SchLib
Replace Part R9 10k in C:\Users\user\Desktop\st7920\mplab\ELECTRONIC_LOAD_2020\DC_Electronic_load\Hardware\altium_files\electronic_dc_load_v1\electronic_dc_load_v1.SchDoc with 10k from electronic_dc_load_v1.SchLib
Replace Part R10 10k in C:\Users\user\Desktop\st7920\mplab\ELECTRONIC_LOAD_2020\DC_Electronic_load\Hardware\altium_files\electronic_dc_load_v1\electronic_dc_load_v1.SchDoc with 10k from electronic_dc_load_v1.SchLib
Replace Part R11 100R in C:\Users\user\Desktop\st7920\mplab\ELECTRONIC_LOAD_2020\DC_Electronic_load\Hardware\altium_files\electronic_dc_load_v1\electronic_dc_load_v1.SchDoc with 100R from electronic_dc_load_v1.SchLib
Replace Part R12 500k in C:\Users\user\Desktop\st7920\mplab\ELECTRONIC_LOAD_2020\DC_Electronic_load\Hardware\altium_files\electronic_dc_load_v1\electronic_dc_load_v1.SchDoc with 500k from electronic_dc_load_v1.SchLib
Replace Part R13 47KR in C:\Users\user\Desktop\st7920\mplab\ELECTRONIC_LOAD_2020\DC_Electronic_load\Hardware\altium_files\electronic_dc_load_v1\electronic_dc_load_v1.SchDoc with 47KR from electronic_dc_load_v1.SchLib
Replace Part R14 10k in C:\Users\user\Desktop\st7920\mplab\ELECTRONIC_LOAD_2020\DC_Electronic_load\Hardware\altium_files\electronic_dc_load_v1\electronic_dc_load_v1.SchDoc with 10k from electronic_dc_load_v1.SchLib
Replace Part R15 4.7M in C:\Users\user\Desktop\st7920\mplab\ELECTRONIC_LOAD_2020\DC_Electronic_load\Hardware\altium_files\electronic_dc_load_v1\electronic_dc_load_v1.SchDoc with 4.7M from electronic_dc_load_v1.SchLib
Replace Part R16 20k in C:\Users\user\Desktop\st7920\mplab\ELECTRONIC_LOAD_2020\DC_Electronic_load\Hardware\altium_files\electronic_dc_load_v1\electronic_dc_load_v1.SchDoc with 20k from electronic_dc_load_v1.SchLib
Replace Part R17 2.2KR in C:\Users\user\Desktop\st7920\mplab\ELECTRONIC_LOAD_2020\DC_Electronic_load\Hardware\altium_files\electronic_dc_load_v1\electronic_dc_load_v1.SchDoc with 2.2KR from electronic_dc_load_v1.SchLib
Replace Part R18 1kR in C:\Users\user\Desktop\st7920\mplab\ELECTRONIC_LOAD_2020\DC_Electronic_load\Hardware\altium_files\electronic_dc_load_v1\electronic_dc_load_v1.SchDoc with 1kR from digital_components.SchLib
Replace Part R19 1kR in C:\Users\user\Desktop\st7920\mplab\ELECTRONIC_LOAD_2020\DC_Electronic_load\Hardware\altium_files\electronic_dc_load_v1\electronic_dc_load_v1.SchDoc with 1kR from digital_components.SchLib
Replace Part R20 1kR in C:\Users\user\Desktop\st7920\mplab\ELECTRONIC_LOAD_2020\DC_Electronic_load\Hardware\altium_files\electronic_dc_load_v1\electronic_dc_load_v1.SchDoc with 1kR from digital_components.SchLib
Replace Part R21 100R in C:\Users\user\Desktop\st7920\mplab\ELECTRONIC_LOAD_2020\DC_Electronic_load\Hardware\altium_files\electronic_dc_load_v1\electronic_dc_load_v1.SchDoc with 100R from electronic_dc_load_v1.SchLib
Replace Part R22 10k in C:\Users\user\Desktop\st7920\mplab\ELECTRONIC_LOAD_2020\DC_Electronic_load\Hardware\altium_files\electronic_dc_load_v1\electronic_dc_load_v1.SchDoc with 10k from electronic_dc_load_v1.SchLib
Replace Part R23 2.2KR in C:\Users\user\Desktop\st7920\mplab\ELECTRONIC_LOAD_2020\DC_Electronic_load\Hardware\altium_files\electronic_dc_load_v1\electronic_dc_load_v1.SchDoc with 2.2KR from electronic_dc_load_v1.SchLib
Replace Part R24 2.2KR in C:\Users\user\Desktop\st7920\mplab\ELECTRONIC_LOAD_2020\DC_Electronic_load\Hardware\altium_files\electronic_dc_load_v1\electronic_dc_load_v1.SchDoc with 2.2KR from electronic_dc_load_v1.SchLib
Replace Part R25 2.2KR in C:\Users\user\Desktop\st7920\mplab\ELECTRONIC_LOAD_2020\DC_Electronic_load\Hardware\altium_files\electronic_dc_load_v1\electronic_dc_load_v1.SchDoc with 2.2KR from electronic_dc_load_v1.SchLib
Replace Part R26 2.2KR in C:\Users\user\Desktop\st7920\mplab\ELECTRONIC_LOAD_2020\DC_Electronic_load\Hardware\altium_files\electronic_dc_load_v1\electronic_dc_load_v1.SchDoc with 2.2KR from electronic_dc_load_v1.SchLib
Replace Part R27 1kR in C:\Users\user\Desktop\st7920\mplab\ELECTRONIC_LOAD_2020\DC_Electronic_load\Hardware\altium_files\electronic_dc_load_v1\electronic_dc_load_v1.SchDoc with 1kR from digital_components.SchLib
Replace Part R28 1kR in C:\Users\user\Desktop\st7920\mplab\ELECTRONIC_LOAD_2020\DC_Electronic_load\Hardware\altium_files\electronic_dc_load_v1\electronic_dc_load_v1.SchDoc with 1kR from digital_components.SchLib
Replace Part R29 200R in C:\Users\user\Desktop\st7920\mplab\ELECTRONIC_LOAD_2020\DC_Electronic_load\Hardware\altium_files\electronic_dc_load_v1\electronic_dc_load_v1.SchDoc with 200R from electronic_dc_load_v1.SchLib
Replace Part R30 10kR in C:\Users\user\Desktop\st7920\mplab\ELECTRONIC_LOAD_2020\DC_Electronic_load\Hardware\altium_files\electronic_dc_load_v1\electronic_dc_load_v1.SchDoc with 10kR from digital_components.SchLib
Replace Part R31 1kR in C:\Users\user\Desktop\st7920\mplab\ELECTRONIC_LOAD_2020\DC_Electronic_load\Hardware\altium_files\electronic_dc_load_v1\electronic_dc_load_v1.SchDoc with 1kR from digital_components.SchLib
Replace Part R32 1R in C:\Users\user\Desktop\st7920\mplab\ELECTRONIC_LOAD_2020\DC_Electronic_load\Hardware\altium_files\electronic_dc_load_v1\electronic_dc_load_v1.SchDoc with 1R from electronic_dc_load_v1.SchLib
Replace Part R33 1R in C:\Users\user\Desktop\st7920\mplab\ELECTRONIC_LOAD_2020\DC_Electronic_load\Hardware\altium_files\electronic_dc_load_v1\electronic_dc_load_v1.SchDoc with 1R from electronic_dc_load_v1.SchLib
Replace Part R34 1R in C:\Users\user\Desktop\st7920\mplab\ELECTRONIC_LOAD_2020\DC_Electronic_load\Hardware\altium_files\electronic_dc_load_v1\electronic_dc_load_v1.SchDoc with 1R from electronic_dc_load_v1.SchLib
Replace Part R35 1R in C:\Users\user\Desktop\st7920\mplab\ELECTRONIC_LOAD_2020\DC_Electronic_load\Hardware\altium_files\electronic_dc_load_v1\electronic_dc_load_v1.SchDoc with 1R from electronic_dc_load_v1.SchLib
Replace Part R36 270KR in C:\Users\user\Desktop\st7920\mplab\ELECTRONIC_LOAD_2020\DC_Electronic_load\Hardware\altium_files\electronic_dc_load_v1\electronic_dc_load_v1.SchDoc with 270KR from electronic_dc_load_v1.SchLib
Replace Part R37 270KR in C:\Users\user\Desktop\st7920\mplab\ELECTRONIC_LOAD_2020\DC_Electronic_load\Hardware\altium_files\electronic_dc_load_v1\electronic_dc_load_v1.SchDoc with 270KR from electronic_dc_load_v1.SchLib
Replace Part R38 270KR in C:\Users\user\Desktop\st7920\mplab\ELECTRONIC_LOAD_2020\DC_Electronic_load\Hardware\altium_files\electronic_dc_load_v1\electronic_dc_load_v1.SchDoc with 270KR from electronic_dc_load_v1.SchLib
Replace Part R39 270KR in C:\Users\user\Desktop\st7920\mplab\ELECTRONIC_LOAD_2020\DC_Electronic_load\Hardware\altium_files\electronic_dc_load_v1\electronic_dc_load_v1.SchDoc with 270KR from electronic_dc_load_v1.SchLib
Replace Part R40 1kR in C:\Users\user\Desktop\st7920\mplab\ELECTRONIC_LOAD_2020\DC_Electronic_load\Hardware\altium_files\electronic_dc_load_v1\electronic_dc_load_v1.SchDoc with 1kR from digital_components.SchLib
Replace Part R41 1M in C:\Users\user\Desktop\st7920\mplab\ELECTRONIC_LOAD_2020\DC_Electronic_load\Hardware\altium_files\electronic_dc_load_v1\electronic_dc_load_v1.SchDoc with 1M from electronic_dc_load_v1.SchLib
Replace Part R42 1M in C:\Users\user\Desktop\st7920\mplab\ELECTRONIC_LOAD_2020\DC_Electronic_load\Hardware\altium_files\electronic_dc_load_v1\electronic_dc_load_v1.SchDoc with 1M from electronic_dc_load_v1.SchLib
Replace Part R43 100R in C:\Users\user\Desktop\st7920\mplab\ELECTRONIC_LOAD_2020\DC_Electronic_load\Hardware\altium_files\electronic_dc_load_v1\electronic_dc_load_v1.SchDoc with 100R from electronic_dc_load_v1.SchLib
Replace Part R44 10k in C:\Users\user\Desktop\st7920\mplab\ELECTRONIC_LOAD_2020\DC_Electronic_load\Hardware\altium_files\electronic_dc_load_v1\electronic_dc_load_v1.SchDoc with 10k from electronic_dc_load_v1.SchLib
Replace Part R45 0.1R in C:\Users\user\Desktop\st7920\mplab\ELECTRONIC_LOAD_2020\DC_Electronic_load\Hardware\altium_files\electronic_dc_load_v1\electronic_dc_load_v1.SchDoc with 0.1R from electronic_dc_load_v1.SchLib
Replace Part R46 330KR in C:\Users\user\Desktop\st7920\mplab\ELECTRONIC_LOAD_2020\DC_Electronic_load\Hardware\altium_files\electronic_dc_load_v1\electronic_dc_load_v1.SchDoc with 330KR from electronic_dc_load_v1.SchLib
Replace Part R47 100KR in C:\Users\user\Desktop\st7920\mplab\ELECTRONIC_LOAD_2020\DC_Electronic_load\Hardware\altium_files\electronic_dc_load_v1\electronic_dc_load_v1.SchDoc with 100KR from electronic_dc_load_v1.SchLib
Replace Part R48 10kR in C:\Users\user\Desktop\st7920\mplab\ELECTRONIC_LOAD_2020\DC_Electronic_load\Hardware\altium_files\electronic_dc_load_v1\electronic_dc_load_v1.SchDoc with 10kR from digital_components.SchLib
Replace Part R49 10kR in C:\Users\user\Desktop\st7920\mplab\ELECTRONIC_LOAD_2020\DC_Electronic_load\Hardware\altium_files\electronic_dc_load_v1\electronic_dc_load_v1.SchDoc with 10kR from digital_components.SchLib
Replace Part R50 10kR in C:\Users\user\Desktop\st7920\mplab\ELECTRONIC_LOAD_2020\DC_Electronic_load\Hardware\altium_files\electronic_dc_load_v1\electronic_dc_load_v1.SchDoc with 10kR from digital_components.SchLib
Replace Part SW1 SW-SPST in C:\Users\user\Desktop\st7920\mplab\ELECTRONIC_LOAD_2020\DC_Electronic_load\Hardware\altium_files\electronic_dc_load_v1\electronic_dc_load_v1.SchDoc with SW-SPST from Miscellaneous Devices.IntLib
Replace Part SW2 FSM4JSMA in C:\Users\user\Desktop\st7920\mplab\ELECTRONIC_LOAD_2020\DC_Electronic_load\Hardware\altium_files\electronic_dc_load_v1\electronic_dc_load_v1.SchDoc with FSM4JSMA from SnapEDA_Library.IntLib
Replace Part U1 LM7812CT in C:\Users\user\Desktop\st7920\mplab\ELECTRONIC_LOAD_2020\DC_Electronic_load\Hardware\altium_files\electronic_dc_load_v1\electronic_dc_load_v1.SchDoc with LM7812CT from electronic_dc_load_v1.SchLib
Replace Part U2 LM7805CT in C:\Users\user\Desktop\st7920\mplab\ELECTRONIC_LOAD_2020\DC_Electronic_load\Hardware\altium_files\electronic_dc_load_v1\electronic_dc_load_v1.SchDoc with LM7805CT from electronic_dc_load_v1.SchLib
Replace Part U3 OPA277 in C:\Users\user\Desktop\st7920\mplab\ELECTRONIC_LOAD_2020\DC_Electronic_load\Hardware\altium_files\electronic_dc_load_v1\electronic_dc_load_v1.SchDoc with OPA277 from electronic_dc_load_v1.SchLib
Replace Part U4 LM431ACMX in C:\Users\user\Desktop\st7920\mplab\ELECTRONIC_LOAD_2020\DC_Electronic_load\Hardware\altium_files\electronic_dc_load_v1\electronic_dc_load_v1.SchDoc with LM431ACMX from electronic_dc_load_v1.SchLib
Replace Part U5 LTC1046 in C:\Users\user\Desktop\st7920\mplab\ELECTRONIC_LOAD_2020\DC_Electronic_load\Hardware\altium_files\electronic_dc_load_v1\electronic_dc_load_v1.SchDoc with LTC1046 from electronic_dc_load_v1.SchLib
Replace Part U6 SN74LVC2G14DBVR in C:\Users\user\Desktop\st7920\mplab\ELECTRONIC_LOAD_2020\DC_Electronic_load\Hardware\altium_files\electronic_dc_load_v1\electronic_dc_load_v1.SchDoc with SN74LVC2G14DBVR from electronic_dc_load_v1.SchLib
Replace Part U7 Optoisolator1 in C:\Users\user\Desktop\st7920\mplab\ELECTRONIC_LOAD_2020\DC_Electronic_load\Hardware\altium_files\electronic_dc_load_v1\electronic_dc_load_v1.SchDoc with Optoisolator1 from Miscellaneous Devices.IntLib
Replace Part U8 GLCD in C:\Users\user\Desktop\st7920\mplab\ELECTRONIC_LOAD_2020\DC_Electronic_load\Hardware\altium_files\electronic_dc_load_v1\electronic_dc_load_v1.SchDoc with GLCD from electronic_dc_load_v1.SchLib
Replace Part U9 Optoisolator1 in C:\Users\user\Desktop\st7920\mplab\ELECTRONIC_LOAD_2020\DC_Electronic_load\Hardware\altium_files\electronic_dc_load_v1\electronic_dc_load_v1.SchDoc with Optoisolator1 from Miscellaneous Devices.IntLib
Replace Part U10 MBR41H100CTG in C:\Users\user\Desktop\st7920\mplab\ELECTRONIC_LOAD_2020\DC_Electronic_load\Hardware\altium_files\electronic_dc_load_v1\electronic_dc_load_v1.SchDoc with MBR41H100CTG from electronic_dc_load_v1.SchLib
Replace Part U11 PIC16F1779 in C:\Users\user\Desktop\st7920\mplab\ELECTRONIC_LOAD_2020\DC_Electronic_load\Hardware\altium_files\electronic_dc_load_v1\electronic_dc_load_v1.SchDoc with PIC16F1779 from electronic_dc_load_v1.SchLib
Replace Part U12 Rotary Encoder Module in C:\Users\user\Desktop\st7920\mplab\ELECTRONIC_LOAD_2020\DC_Electronic_load\Hardware\altium_files\electronic_dc_load_v1\electronic_dc_load_v1.SchDoc with Rotary Encoder Module from electronic_dc_load_v1.SchLib
Replace Part U13 27899 in C:\Users\user\Desktop\st7920\mplab\ELECTRONIC_LOAD_2020\DC_Electronic_load\Hardware\altium_files\electronic_dc_load_v1\electronic_dc_load_v1.SchDoc with 27899 from electronic_dc_load_v1.SchLib
Replace Part U14 LM35DZ in C:\Users\user\Desktop\st7920\mplab\ELECTRONIC_LOAD_2020\DC_Electronic_load\Hardware\altium_files\electronic_dc_load_v1\electronic_dc_load_v1.SchDoc with LM35DZ from electronic_dc_load_v1.SchLib
Replace Part U15 PCF8574ADWR in C:\Users\user\Desktop\st7920\mplab\ELECTRONIC_LOAD_2020\DC_Electronic_load\Hardware\altium_files\electronic_dc_load_v1\electronic_dc_load_v1.SchDoc with PCF8574ADWR from electronic_dc_load_v1.SchLib
Replace Part U16 DS1307-Tiny RTC Modul in C:\Users\user\Desktop\st7920\mplab\ELECTRONIC_LOAD_2020\DC_Electronic_load\Hardware\altium_files\electronic_dc_load_v1\electronic_dc_load_v1.SchDoc with DS1307-Tiny RTC Modul from digital_components.SchLib
Replace Part Y1 ABM7-16.000MHZ-D2Y-T in C:\Users\user\Desktop\st7920\mplab\ELECTRONIC_LOAD_2020\DC_Electronic_load\Hardware\altium_files\electronic_dc_load_v1\electronic_dc_load_v1.SchDoc with ABM7-16.000MHZ-D2Y-T from SnapEDA_Library.IntLib
