Change Component Designator: Old Designator=? New Designator=6
Change Component Designator: Old Designator=? New Designator=6
Change Component Designator: Old Designator=? New Designator=6
Change Component Designator: Old Designator=? New Designator=6
Change Component Designator: Old Designator=? New Designator=6
Change Component Designator: Old Designator=? New Designator=1
Change Component Designator: Old Designator=? New Designator=2
Change Component Designator: Old Designator=? New Designator=3
Change Component Designator: Old Designator=? New Designator=4
Change Component Designator: Old Designator=? New Designator=5
Change Component Designator: Old Designator=? New Designator=7
Change Component Designator: Old Designator=? New Designator=8
Change Component Designator: Old Designator=? New Designator=9
Change Component Designator: Old Designator=? New Designator=10
Change Component Designator: Old Designator=? New Designator=11
Change Component Designator: Old Designator=? New Designator=12
Change Component Designator: Old Designator=? New Designator=13
Change Component Designator: Old Designator=? New Designator=14
Change Component Designator: Old Designator=? New Designator=15
Change Component Designator: Old Designator=? New Designator=16
Change Component Designator: Old Designator=? New Designator=17
Change Component Designator: Old Designator=? New Designator=18
Change Component Designator: Old Designator=? New Designator=19
Change Component Designator: Old Designator=? New Designator=20
Change Component Designator: Old Designator=? New Designator=21
Change Component Designator: Old Designator=? New Designator=22
Change Component Designator: Old Designator=? New Designator=23
Change Component Designator: Old Designator=? New Designator=24
Change Component Designator: Old Designator=? New Designator=25
Change Component Designator: Old Designator=? New Designator=26
Change Component Designator: Old Designator=? New Designator=27
Change Component Designator: Old Designator=? New Designator=28
Change Component Designator: Old Designator=? New Designator=29
Change Component Designator: Old Designator=? New Designator=30
Change Component Designator: Old Designator=? New Designator=31
Change Component Designator: Old Designator=? New Designator=32
Change Component Designator: Old Designator=? New Designator=33
Change Component Designator: Old Designator=? New Designator=34
Change Component Designator: Old Designator=? New Designator=35
Change Component Designator: Old Designator=? New Designator=36
Change Component Designator: Old Designator=? New Designator=37
Change Component Designator: Old Designator=? New Designator=38
Change Component Designator: Old Designator=? New Designator=39
Change Component Designator: Old Designator=? New Designator=40
Change Component Designator: Old Designator=? New Designator=41
Change Component Designator: Old Designator=? New Designator=42
Change Component Designator: Old Designator=? New Designator=43
Change Component Designator: Old Designator=? New Designator=44
Change Component Designator: Old Designator=? New Designator=45
Change Component Designator: Old Designator=? New Designator=46
Change Component Designator: Old Designator=? New Designator=47
Change Component Designator: Old Designator=? New Designator=48
Change Component Designator: Old Designator=? New Designator=49
Change Component Designator: Old Designator=? New Designator=50
Change Component Designator: Old Designator=? New Designator=51
Change Component Designator: Old Designator=? New Designator=52
Change Component Designator: Old Designator=? New Designator=53
Change Component Designator: Old Designator=? New Designator=54
Change Component Designator: Old Designator=? New Designator=55
Change Component Designator: Old Designator=? New Designator=56
Change Component Designator: Old Designator=? New Designator=57
Change Component Designator: Old Designator=? New Designator=58
Change Component Designator: Old Designator=? New Designator=59
Change Component Designator: Old Designator=? New Designator=60
Change Component Designator: Old Designator=? New Designator=61
Change Component Designator: Old Designator=? New Designator=62
Change Component Designator: Old Designator=? New Designator=63
Change Component Designator: Old Designator=? New Designator=64
Change Component Designator: Old Designator=? New Designator=65
Change Component Designator: Old Designator=? New Designator=66
Change Component Designator: Old Designator=? New Designator=67
Change Component Designator: Old Designator=? New Designator=68
Change Component Designator: Old Designator=? New Designator=69
Change Component Designator: Old Designator=? New Designator=70
Change Component Designator: Old Designator=? New Designator=71
Change Component Designator: Old Designator=? New Designator=72
Change Component Designator: Old Designator=? New Designator=73
Change Component Designator: Old Designator=? New Designator=74
Change Component Designator: Old Designator=? New Designator=75
Change Component Designator: Old Designator=? New Designator=76
Change Component Designator: Old Designator=? New Designator=77
Change Component Designator: Old Designator=? New Designator=78
Change Component Designator: Old Designator=? New Designator=79
Change Component Designator: Old Designator=? New Designator=80
Change Component Designator: Old Designator=? New Designator=81
Change Component Designator: Old Designator=? New Designator=82
Change Component Designator: Old Designator=? New Designator=83
Change Component Designator: Old Designator=? New Designator=84
Change Component Designator: Old Designator=? New Designator=85
Change Component Designator: Old Designator=? New Designator=86
Change Component Designator: Old Designator=? New Designator=87
Change Component Designator: Old Designator=? New Designator=88
Change Component Designator: Old Designator=? New Designator=89
Change Component Designator: Old Designator=? New Designator=90
Change Component Designator: Old Designator=? New Designator=91
Change Component Designator: Old Designator=? New Designator=92
Change Component Designator: Old Designator=? New Designator=93
Change Component Designator: Old Designator=? New Designator=94
Change Component Designator: Old Designator=? New Designator=95
Change Component Designator: Old Designator=? New Designator=96
Change Component Designator: Old Designator=? New Designator=97
Change Component Designator: Old Designator=? New Designator=98
Change Component Designator: Old Designator=? New Designator=99
Change Component Designator: Old Designator=? New Designator=100
Change Component Designator: Old Designator=? New Designator=101
Change Component Designator: Old Designator=? New Designator=102
Change Component Designator: Old Designator=? New Designator=103
Change Component Designator: Old Designator=? New Designator=104
Change Component Designator: Old Designator=? New Designator=105
Change Component Designator: Old Designator=? New Designator=106
Change Component Designator: Old Designator=? New Designator=107
Change Component Designator: Old Designator=? New Designator=108
Change Component Designator: Old Designator=? New Designator=109
Change Component Designator: Old Designator=? New Designator=110
Change Component Designator: Old Designator=? New Designator=111
Change Component Designator: Old Designator=? New Designator=112
Change Component Designator: Old Designator=J? New Designator=J1
Change Component Designator: Old Designator=P? New Designator=P1
Change Component Designator: Old Designator=P? New Designator=P2
Change Component Designator: Old Designator=P? New Designator=P3
Change Component Designator: Old Designator=P? New Designator=P4
Change Component Designator: Old Designator=P? New Designator=P5
Change Component Designator: Old Designator=P? New Designator=P6
Change Component Designator: Old Designator=P? New Designator=P7
Change Component Designator: Old Designator=P? New Designator=P8
Change Component Designator: Old Designator=P? New Designator=P9
Change Component Designator: Old Designator=SW? New Designator=SW1
Change Component Designator: Old Designator=U? New Designator=U1
Change Component Designator: Old Designator=U? New Designator=U2
Change Component Designator: Old Designator=Y? New Designator=Y1
