Change Component Designator: Old Designator=5 New Designator=4
Change Component Designator: Old Designator=B1+ New Designator=B1
Change Component Designator: Old Designator=B2- New Designator=B2
Change Component Designator: Old Designator=C1 New Designator=C2
Change Component Designator: Old Designator=C2 New Designator=C3
Change Component Designator: Old Designator=C3 New Designator=C4
Change Component Designator: Old Designator=C4 New Designator=C6
Change Component Designator: Old Designator=C6 New Designator=C1
Change Component Designator: Old Designator=C12 New Designator=C13
Change Component Designator: Old Designator=C13 New Designator=C14
Change Component Designator: Old Designator=C14 New Designator=C15
Change Component Designator: Old Designator=C15 New Designator=C16
Change Component Designator: Old Designator=C16 New Designator=C17
Change Component Designator: Old Designator=C17 New Designator=C18
Change Component Designator: Old Designator=C18 New Designator=C21
Change Component Designator: Old Designator=C19 New Designator=C22
Change Component Designator: Old Designator=C20 New Designator=C23
Change Component Designator: Old Designator=C21 New Designator=C24
Change Component Designator: Old Designator=C22 New Designator=C19
Change Component Designator: Old Designator=C23 New Designator=C20
Change Component Designator: Old Designator=C? New Designator=C12
Change Component Designator: Old Designator=J2 New Designator=J4
Change Component Designator: Old Designator=J? New Designator=J2
Change Component Designator: Old Designator=J? New Designator=J3
Change Component Designator: Old Designator=P8 New Designator=P7
Change Component Designator: Old Designator=P9 New Designator=P8
Change Component Designator: Old Designator=R7 New Designator=R8
Change Component Designator: Old Designator=R8 New Designator=R7
Change Component Designator: Old Designator=R9 New Designator=R10
Change Component Designator: Old Designator=R10 New Designator=R11
Change Component Designator: Old Designator=R11 New Designator=R12
Change Component Designator: Old Designator=R12 New Designator=R14
Change Component Designator: Old Designator=R14 New Designator=R15
Change Component Designator: Old Designator=R15 New Designator=R19
Change Component Designator: Old Designator=R16 New Designator=R18
Change Component Designator: Old Designator=R17 New Designator=R16
Change Component Designator: Old Designator=R18 New Designator=R17
Change Component Designator: Old Designator=R19 New Designator=R20
Change Component Designator: Old Designator=R20 New Designator=R21
Change Component Designator: Old Designator=R21 New Designator=R22
Change Component Designator: Old Designator=R22 New Designator=R23
Change Component Designator: Old Designator=R23 New Designator=R26
Change Component Designator: Old Designator=R24 New Designator=R27
Change Component Designator: Old Designator=R25 New Designator=R24
Change Component Designator: Old Designator=R26 New Designator=R25
Change Component Designator: Old Designator=R27 New Designator=R29
Change Component Designator: Old Designator=R29 New Designator=R31
Change Component Designator: Old Designator=R31 New Designator=R36
Change Component Designator: Old Designator=R36 New Designator=R38
Change Component Designator: Old Designator=R37 New Designator=R39
Change Component Designator: Old Designator=R38 New Designator=R40
Change Component Designator: Old Designator=R39 New Designator=R37
Change Component Designator: Old Designator=R40 New Designator=R41
Change Component Designator: Old Designator=R41 New Designator=R42
Change Component Designator: Old Designator=R42 New Designator=R43
Change Component Designator: Old Designator=R43 New Designator=R45
Change Component Designator: Old Designator=R45 New Designator=R46
Change Component Designator: Old Designator=R46 New Designator=R50
Change Component Designator: Old Designator=R47 New Designator=R51
Change Component Designator: Old Designator=R48 New Designator=R47
Change Component Designator: Old Designator=R49 New Designator=R48
Change Component Designator: Old Designator=R50 New Designator=R49
Change Component Designator: Old Designator=R? New Designator=R9
Change Component Designator: Old Designator=U9 New Designator=U10
Change Component Designator: Old Designator=U10 New Designator=U9
