Change Component Designator: Old Designator=1 New Designator=?
Change Component Designator: Old Designator=2 New Designator=?
Change Component Designator: Old Designator=3 New Designator=?
Change Component Designator: Old Designator=4 New Designator=?
Change Component Designator: Old Designator=5 New Designator=?
Change Component Designator: Old Designator=6 New Designator=?
Change Component Designator: Old Designator=6 New Designator=?
Change Component Designator: Old Designator=6 New Designator=?
Change Component Designator: Old Designator=6 New Designator=?
Change Component Designator: Old Designator=6 New Designator=?
Change Component Designator: Old Designator=7 New Designator=?
Change Component Designator: Old Designator=8 New Designator=?
Change Component Designator: Old Designator=9 New Designator=?
Change Component Designator: Old Designator=10 New Designator=?
Change Component Designator: Old Designator=11 New Designator=?
Change Component Designator: Old Designator=12 New Designator=?
Change Component Designator: Old Designator=13 New Designator=?
Change Component Designator: Old Designator=14 New Designator=?
Change Component Designator: Old Designator=15 New Designator=?
Change Component Designator: Old Designator=16 New Designator=?
Change Component Designator: Old Designator=17 New Designator=?
Change Component Designator: Old Designator=18 New Designator=?
Change Component Designator: Old Designator=19 New Designator=?
Change Component Designator: Old Designator=20 New Designator=?
Change Component Designator: Old Designator=21 New Designator=?
Change Component Designator: Old Designator=22 New Designator=?
Change Component Designator: Old Designator=23 New Designator=?
Change Component Designator: Old Designator=24 New Designator=?
Change Component Designator: Old Designator=25 New Designator=?
Change Component Designator: Old Designator=26 New Designator=?
Change Component Designator: Old Designator=27 New Designator=?
Change Component Designator: Old Designator=28 New Designator=?
Change Component Designator: Old Designator=29 New Designator=?
Change Component Designator: Old Designator=30 New Designator=?
Change Component Designator: Old Designator=31 New Designator=?
Change Component Designator: Old Designator=32 New Designator=?
Change Component Designator: Old Designator=33 New Designator=?
Change Component Designator: Old Designator=34 New Designator=?
Change Component Designator: Old Designator=35 New Designator=?
Change Component Designator: Old Designator=36 New Designator=?
Change Component Designator: Old Designator=37 New Designator=?
Change Component Designator: Old Designator=38 New Designator=?
Change Component Designator: Old Designator=39 New Designator=?
Change Component Designator: Old Designator=40 New Designator=?
Change Component Designator: Old Designator=41 New Designator=?
Change Component Designator: Old Designator=42 New Designator=?
Change Component Designator: Old Designator=43 New Designator=?
Change Component Designator: Old Designator=44 New Designator=?
Change Component Designator: Old Designator=45 New Designator=?
Change Component Designator: Old Designator=46 New Designator=?
Change Component Designator: Old Designator=47 New Designator=?
Change Component Designator: Old Designator=48 New Designator=?
Change Component Designator: Old Designator=49 New Designator=?
Change Component Designator: Old Designator=50 New Designator=?
Change Component Designator: Old Designator=51 New Designator=?
Change Component Designator: Old Designator=52 New Designator=?
Change Component Designator: Old Designator=53 New Designator=?
Change Component Designator: Old Designator=54 New Designator=?
Change Component Designator: Old Designator=55 New Designator=?
Change Component Designator: Old Designator=56 New Designator=?
Change Component Designator: Old Designator=57 New Designator=?
Change Component Designator: Old Designator=58 New Designator=?
Change Component Designator: Old Designator=59 New Designator=?
Change Component Designator: Old Designator=60 New Designator=?
Change Component Designator: Old Designator=61 New Designator=?
Change Component Designator: Old Designator=62 New Designator=?
Change Component Designator: Old Designator=63 New Designator=?
Change Component Designator: Old Designator=64 New Designator=?
Change Component Designator: Old Designator=65 New Designator=?
Change Component Designator: Old Designator=66 New Designator=?
Change Component Designator: Old Designator=67 New Designator=?
Change Component Designator: Old Designator=68 New Designator=?
Change Component Designator: Old Designator=69 New Designator=?
Change Component Designator: Old Designator=70 New Designator=?
Change Component Designator: Old Designator=71 New Designator=?
Change Component Designator: Old Designator=72 New Designator=?
Change Component Designator: Old Designator=73 New Designator=?
Change Component Designator: Old Designator=74 New Designator=?
Change Component Designator: Old Designator=75 New Designator=?
Change Component Designator: Old Designator=76 New Designator=?
Change Component Designator: Old Designator=77 New Designator=?
Change Component Designator: Old Designator=78 New Designator=?
Change Component Designator: Old Designator=79 New Designator=?
Change Component Designator: Old Designator=80 New Designator=?
Change Component Designator: Old Designator=81 New Designator=?
Change Component Designator: Old Designator=82 New Designator=?
Change Component Designator: Old Designator=83 New Designator=?
Change Component Designator: Old Designator=84 New Designator=?
Change Component Designator: Old Designator=85 New Designator=?
Change Component Designator: Old Designator=86 New Designator=?
Change Component Designator: Old Designator=87 New Designator=?
Change Component Designator: Old Designator=88 New Designator=?
Change Component Designator: Old Designator=89 New Designator=?
Change Component Designator: Old Designator=90 New Designator=?
Change Component Designator: Old Designator=91 New Designator=?
Change Component Designator: Old Designator=92 New Designator=?
Change Component Designator: Old Designator=93 New Designator=?
Change Component Designator: Old Designator=94 New Designator=?
Change Component Designator: Old Designator=95 New Designator=?
Change Component Designator: Old Designator=96 New Designator=?
Change Component Designator: Old Designator=97 New Designator=?
Change Component Designator: Old Designator=98 New Designator=?
Change Component Designator: Old Designator=99 New Designator=?
Change Component Designator: Old Designator=100 New Designator=?
Change Component Designator: Old Designator=101 New Designator=?
Change Component Designator: Old Designator=102 New Designator=?
Change Component Designator: Old Designator=103 New Designator=?
Change Component Designator: Old Designator=104 New Designator=?
Change Component Designator: Old Designator=105 New Designator=?
Change Component Designator: Old Designator=106 New Designator=?
Change Component Designator: Old Designator=107 New Designator=?
Change Component Designator: Old Designator=108 New Designator=?
Change Component Designator: Old Designator=109 New Designator=?
Change Component Designator: Old Designator=110 New Designator=?
Change Component Designator: Old Designator=111 New Designator=?
Change Component Designator: Old Designator=112 New Designator=?
Change Component Designator: Old Designator=J1 New Designator=J?
Change Component Designator: Old Designator=P1 New Designator=P?
Change Component Designator: Old Designator=P2 New Designator=P?
Change Component Designator: Old Designator=P3 New Designator=P?
Change Component Designator: Old Designator=P4 New Designator=P?
Change Component Designator: Old Designator=P5 New Designator=P?
Change Component Designator: Old Designator=P6 New Designator=P?
Change Component Designator: Old Designator=P7 New Designator=P?
Change Component Designator: Old Designator=P8 New Designator=P?
Change Component Designator: Old Designator=P9 New Designator=P?
Change Component Designator: Old Designator=SW1 New Designator=SW?
Change Component Designator: Old Designator=U1 New Designator=U?
Change Component Designator: Old Designator=U2 New Designator=U?
Change Component Designator: Old Designator=Y1 New Designator=Y?
